<?xml version="1.0" encoding="UTF-8"?>
<!-- Generated by org.testng.reporters.JUnitReportReporter -->
<testsuite hostname="IN-64XVN13" failures="0" tests="6" name="runner.runner" time="207.087" errors="0" timestamp="2023-03-09T13:14:00 IST" skipped="0">
  <testcase classname="runner.runner" name="runScenario" time="29.942"/>
  <system-out/>
  <testcase classname="runner.runner" name="runScenario" time="37.223"/>
  <system-out/>
  <testcase classname="runner.runner" name="runScenario" time="24.933"/>
  <system-out/>
  <testcase classname="runner.runner" name="runScenario" time="54.413"/>
  <system-out/>
  <testcase classname="runner.runner" name="runScenario" time="27.343"/>
  <system-out/>
  <testcase classname="runner.runner" name="runScenario" time="33.233"/>
  <system-out/>
</testsuite> <!-- runner.runner -->
